<?xml version="1.0" encoding="UTF-8"?>
<testng-results skipped="0" failed="0" ignored="0" total="2" passed="2">
  <reporter-output>
  </reporter-output>
  <suite name="Suite" duration-ms="11810" started-at="2017-09-12T19:26:53Z" finished-at="2017-09-12T19:27:05Z">
    <groups>
    </groups>
    <test name="Test" duration-ms="11810" started-at="2017-09-12T19:26:53Z" finished-at="2017-09-12T19:27:05Z">
      <class name="BANKING.GURU99.navigateToApplication">
        <test-method status="PASS" signature="FireBrowser()[pri:0, instance:BANKING.GURU99.navigateToApplication@62043840]" name="FireBrowser" is-config="true" duration-ms="8950" started-at="2017-09-12T14:26:53Z" finished-at="2017-09-12T14:27:02Z">
          <reporter-output>
          </reporter-output>
        </test-method> <!-- FireBrowser -->
        <test-method status="PASS" signature="navigate()[pri:0, instance:BANKING.GURU99.navigateToApplication@62043840]" name="navigate" duration-ms="771" started-at="2017-09-12T14:27:02Z" finished-at="2017-09-12T14:27:03Z">
          <reporter-output>
          </reporter-output>
        </test-method> <!-- navigate -->
        <test-method status="PASS" signature="Login()[pri:0, instance:BANKING.GURU99.navigateToApplication@62043840]" name="Login" duration-ms="1974" started-at="2017-09-12T14:27:03Z" depends-on-methods="BANKING.GURU99.navigateToApplication.navigate" finished-at="2017-09-12T14:27:05Z">
          <reporter-output>
          </reporter-output>
        </test-method> <!-- Login -->
        <test-method status="PASS" signature="closeBrowser()[pri:0, instance:BANKING.GURU99.navigateToApplication@62043840]" name="closeBrowser" is-config="true" duration-ms="100" started-at="2017-09-12T14:27:05Z" finished-at="2017-09-12T14:27:05Z">
          <reporter-output>
          </reporter-output>
        </test-method> <!-- closeBrowser -->
      </class> <!-- BANKING.GURU99.navigateToApplication -->
    </test> <!-- Test -->
  </suite> <!-- Suite -->
</testng-results>
