<?xml version="1.0" encoding="UTF-8"?>
<testsuite xmlns:xsi="http://www.w3.org/2001/XMLSchema-instance" xsi:noNamespaceSchemaLocation="https://maven.apache.org/surefire/maven-surefire-plugin/xsd/surefire-test-report.xsd" name="TestSuite" time="12.683" tests="2" errors="0" skipped="0" failures="0">
  <properties>
[...]
</properties>
  <testcase name="navigate" classname="BANKING.GURU99.navigateToApplication" time="0.771"/>
  <testcase name="Login" classname="BANKING.GURU99.navigateToApplication" time="1.974"/>
</testsuite>