<?xml version="1.0" encoding="UTF-8"?>
<testng-results skipped="0" failed="0" ignored="0" total="2" passed="2">
  <reporter-output>
  </reporter-output>
  <suite name="Suite" duration-ms="9257" started-at="2017-09-03T15:15:19Z" finished-at="2017-09-03T15:15:28Z">
    <groups>
    </groups>
    <test name="Test" duration-ms="9257" started-at="2017-09-03T15:15:19Z" finished-at="2017-09-03T15:15:28Z">
      <class name="BANKING.GURU99.navigateToApplication">
        <test-method status="PASS" signature="FireBrowser()[pri:0, instance:BANKING.GURU99.navigateToApplication@6a4f787b]" name="FireBrowser" is-config="true" duration-ms="7250" started-at="2017-09-03T10:15:19Z" finished-at="2017-09-03T10:15:26Z">
          <reporter-output>
          </reporter-output>
        </test-method> <!-- FireBrowser -->
        <test-method status="PASS" signature="navigate()[pri:0, instance:BANKING.GURU99.navigateToApplication@6a4f787b]" name="navigate" duration-ms="644" started-at="2017-09-03T10:15:26Z" finished-at="2017-09-03T10:15:27Z">
          <reporter-output>
          </reporter-output>
        </test-method> <!-- navigate -->
        <test-method status="PASS" signature="Login()[pri:0, instance:BANKING.GURU99.navigateToApplication@6a4f787b]" name="Login" duration-ms="1159" started-at="2017-09-03T10:15:27Z" depends-on-methods="BANKING.GURU99.navigateToApplication.navigate" finished-at="2017-09-03T10:15:28Z">
          <reporter-output>
          </reporter-output>
        </test-method> <!-- Login -->
        <test-method status="PASS" signature="closeBrowser()[pri:0, instance:BANKING.GURU99.navigateToApplication@6a4f787b]" name="closeBrowser" is-config="true" duration-ms="186" started-at="2017-09-03T10:15:28Z" finished-at="2017-09-03T10:15:28Z">
          <reporter-output>
          </reporter-output>
        </test-method> <!-- closeBrowser -->
      </class> <!-- BANKING.GURU99.navigateToApplication -->
    </test> <!-- Test -->
  </suite> <!-- Suite -->
</testng-results>
